<?xml version="1.0" encoding="UTF-8"?>
<!-- Generated by org.testng.reporters.JUnitReportReporter -->
<testsuite hostname="P3A-B1Y0T72" failures="0" tests="6" name="testdata.demowebshop" time="45.390" errors="0" timestamp="28 Aug 2019 11:24:22 GMT" skipped="1">
  <testcase classname="testdata.demowebshop" name="login" time="4.839"/>
  <testcase classname="testdata.demowebshop" name="shop" time="13.367"/>
  <testcase classname="testdata.demowebshop" name="shippingcart" time="7.793"/>
  <testcase classname="testdata.demowebshop" name="checkout" time="14.466"/>
  <testcase classname="testdata.demowebshop" name="ordercomplete" time="4.925"/>
  <testcase classname="testdata.demowebshop" name="register">
    <skipped/>
  </testcase> <!-- register -->
</testsuite> <!-- testdata.demowebshop -->
